C51 COMPILER V9.60.0.0   IOT_EXP2                                                          01/27/2021 14:09:34 PAGE 1   


C51 COMPILER V9.60.0.0, COMPILATION OF MODULE IOT_EXP2
OBJECT MODULE PLACED IN .\Objects\IoT_Exp2.obj
COMPILER INVOKED BY: C:\Program Files\Keil_v5\C51\BIN\C51.EXE IoT_Exp2.c OPTIMIZE(8,SPEED) BROWSE DEBUG OBJECTEXTEND PRI
                    -NT(.\Listings\IoT_Exp2.lst) TABS(2) OBJECT(.\Objects\IoT_Exp2.obj)

line level    source

   1          #include<reg51.h> 
   2          
   3          int countS=0, countT=0;
   4          unsigned char sine[32]={245, 234, 218, 198, 176, 152, 128, 103, 79, 57, 37, 21, 10, 2, 0, 2, 10, 21, 37, 5
             -7, 79, 103, 128, 152, 176, 198, 218, 234, 245, 253, 255, 253, };  
   5          unsigned char trng[32]={16, 32, 48, 64, 80, 96, 112, 128, 143, 159, 175, 191, 207, 223, 239, 255, 239, 223
             -, 207, 191, 175, 159, 143, 128, 112, 96, 80, 64, 48, 32, 16, 0};    
   6          unsigned char i; 
   7          void delay(unsigned char time); 
   8          
   9          void timer0 (void) interrupt 1
  10          {
  11   1        TR0=0; //stop tmer
  12   1        TF0=0; //clear flag
  13   1        if (countT<32)
  14   1        { P2 = trng[countT];
  15   2          countT++;}
  16   1        else
  17   1        { countT = 0; } 
  18   1        TR0=1; //restart timer
  19   1      }
  20            
  21          void timer1 (void) interrupt 3
  22          {
  23   1        TR1=0; //stop tmer
  24   1        TF1=0; //clear flag
  25   1        if (countS<32)
  26   1        { P1 = sine[countS];
  27   2          countS++;}
  28   1        else
  29   1        { countS = 0; } 
  30   1        TR1=1; //restart timer
  31   1      }
  32          
  33          int main(void)  
  34           {  
  35   1          //Initialising both timers to generate waveforms
  36   1          IE = 0x8A; //EA=1 ET0=1 ET1=1
  37   1          TMOD = 0x22; //Both in 16bit mode
  38   1          TH0 = 0xF0; 
  39   1          TH1 = 0xF8;  
  40   1          TR0=1; //start timer 0 
  41   1          TR1=1; //start timer 1 
  42   1            
  43   1          while(1)  
  44   1          {  
  45   2              if (P1>P2)
  46   2                P3=0xFF;
  47   2              if (P1<P2)
  48   2                P3=0x00;
  49   2          } 
  50   1       } 


C51 COMPILER V9.60.0.0   IOT_EXP2                                                          01/27/2021 14:09:34 PAGE 2   

MODULE INFORMATION:   STATIC OVERLAYABLE
   CODE SIZE        =    156    ----
   CONSTANT SIZE    =   ----    ----
   XDATA SIZE       =   ----    ----
   PDATA SIZE       =   ----    ----
   DATA SIZE        =     69    ----
   IDATA SIZE       =   ----    ----
   BIT SIZE         =   ----    ----
END OF MODULE INFORMATION.


C51 COMPILATION COMPLETE.  0 WARNING(S),  0 ERROR(S)
